W0315 12:02:05.654505 3518170 hlo_rematerialization.cc:3204] Can't reduce memory use below 30.00GiB (32212731822 bytes) by rematerialization; only reduced to 32.58GiB (34982592544 bytes), down from 32.58GiB (34982592544 bytes) originally
W0315 12:02:15.784767 3518043 bfc_allocator.cc:502] Allocator (GPU_0_bfc) ran out of memory trying to allocate 32.57GiB (rounded to 34974204416)requested by op 
If the cause is memory fragmentation maybe the environment variable 'TF_GPU_ALLOCATOR=cuda_malloc_async' will improve the situation. 
Current allocation summary follows.
Current allocation summary follows.
W0315 12:02:15.784936 3518043 bfc_allocator.cc:513] *___________________________________________________________________________________________________
W0315 12:02:38.201259 3518173 hlo_rematerialization.cc:3204] Can't reduce memory use below 29.07GiB (31209664020 bytes) by rematerialization; only reduced to 33.01GiB (35442917408 bytes), down from 33.01GiB (35442917408 bytes) originally
W0315 12:02:49.145600 3518043 bfc_allocator.cc:502] Allocator (GPU_0_bfc) ran out of memory trying to allocate 33.00GiB (rounded to 35433480704)requested by op 
If the cause is memory fragmentation maybe the environment variable 'TF_GPU_ALLOCATOR=cuda_malloc_async' will improve the situation. 
Current allocation summary follows.
Current allocation summary follows.
W0315 12:02:49.145806 3518043 bfc_allocator.cc:513] *****_______________________________________________________________________________________________
W0315 12:02:49.189258 3518173 hlo_rematerialization.cc:3204] Can't reduce memory use below 29.56GiB (31737095803 bytes) by rematerialization; only reduced to 37.07GiB (39804993568 bytes), down from 37.07GiB (39804993568 bytes) originally
W0315 12:02:59.987133 3518043 bfc_allocator.cc:502] Allocator (GPU_0_bfc) ran out of memory trying to allocate 36.57GiB (rounded to 39268123136)requested by op 
If the cause is memory fragmentation maybe the environment variable 'TF_GPU_ALLOCATOR=cuda_malloc_async' will improve the situation. 
Current allocation summary follows.
Current allocation summary follows.
W0315 12:02:59.987365 3518043 bfc_allocator.cc:513] *******_____________________________________________________________________________________________
W0315 12:03:38.346352 3518170 hlo_rematerialization.cc:3204] Can't reduce memory use below 29.56GiB (31737097748 bytes) by rematerialization; only reduced to 37.07GiB (39804993568 bytes), down from 37.07GiB (39804993568 bytes) originally
W0315 12:03:49.295767 3518043 bfc_allocator.cc:502] Allocator (GPU_0_bfc) ran out of memory trying to allocate 36.57GiB (rounded to 39268123136)requested by op 
If the cause is memory fragmentation maybe the environment variable 'TF_GPU_ALLOCATOR=cuda_malloc_async' will improve the situation. 
Current allocation summary follows.
Current allocation summary follows.
W0315 12:03:49.296088 3518043 bfc_allocator.cc:513] ***_*********_______________________________________________________________________________________
W0315 12:07:33.435552 3518170 hlo_rematerialization.cc:3204] Can't reduce memory use below 29.98GiB (32190082580 bytes) by rematerialization; only reduced to 32.79GiB (35212230688 bytes), down from 32.79GiB (35212230688 bytes) originally
W0315 12:07:43.636263 3518043 bfc_allocator.cc:502] Allocator (GPU_0_bfc) ran out of memory trying to allocate 32.76GiB (rounded to 35178676736)requested by op 
If the cause is memory fragmentation maybe the environment variable 'TF_GPU_ALLOCATOR=cuda_malloc_async' will improve the situation. 
Current allocation summary follows.
Current allocation summary follows.
W0315 12:07:43.636558 3518043 bfc_allocator.cc:513] **__***____**_______________________________________________________________________________________
/lustre06/project/6102186/liamfitz/fouriax/src/fouriax/optics/propagation.py:1032: UserWarning: ASM selected outside recommended regime (distance_um=200.000, z_crit_um=111.502, recommended='rs'). Planning will continue with ASM as requested.
  _warn_if_explicit_mode_mismatch("asm")
W0315 12:07:59.287933 3523358 hlo_rematerialization.cc:3204] Can't reduce memory use below 30.00GiB (32212731822 bytes) by rematerialization; only reduced to 32.58GiB (34982592544 bytes), down from 32.58GiB (34982592544 bytes) originally
W0315 12:08:09.467031 3523308 bfc_allocator.cc:502] Allocator (GPU_0_bfc) ran out of memory trying to allocate 32.57GiB (rounded to 34974204416)requested by op 
If the cause is memory fragmentation maybe the environment variable 'TF_GPU_ALLOCATOR=cuda_malloc_async' will improve the situation. 
Current allocation summary follows.
Current allocation summary follows.
W0315 12:08:09.467175 3523308 bfc_allocator.cc:513] *___________________________________________________________________________________________________
W0315 12:08:28.063071 3523357 hlo_rematerialization.cc:3204] Can't reduce memory use below 29.56GiB (31737095803 bytes) by rematerialization; only reduced to 37.07GiB (39804993568 bytes), down from 37.07GiB (39804993568 bytes) originally
W0315 12:08:38.845162 3523308 bfc_allocator.cc:502] Allocator (GPU_0_bfc) ran out of memory trying to allocate 36.57GiB (rounded to 39268123136)requested by op 
If the cause is memory fragmentation maybe the environment variable 'TF_GPU_ALLOCATOR=cuda_malloc_async' will improve the situation. 
Current allocation summary follows.
Current allocation summary follows.
W0315 12:08:38.845426 3523308 bfc_allocator.cc:513] *******_____________________________________________________________________________________________
W0315 12:08:42.982295 3523358 hlo_rematerialization.cc:3204] Can't reduce memory use below 29.07GiB (31209664020 bytes) by rematerialization; only reduced to 33.01GiB (35442917408 bytes), down from 33.01GiB (35442917408 bytes) originally
W0315 12:08:53.926190 3523308 bfc_allocator.cc:502] Allocator (GPU_0_bfc) ran out of memory trying to allocate 33.00GiB (rounded to 35433480704)requested by op 
If the cause is memory fragmentation maybe the environment variable 'TF_GPU_ALLOCATOR=cuda_malloc_async' will improve the situation. 
Current allocation summary follows.
Current allocation summary follows.
W0315 12:08:53.926388 3523308 bfc_allocator.cc:513] ***_****____________________________________________________________________________________________
W0315 12:09:29.144783 3523357 hlo_rematerialization.cc:3204] Can't reduce memory use below 29.56GiB (31737097748 bytes) by rematerialization; only reduced to 37.07GiB (39804993568 bytes), down from 37.07GiB (39804993568 bytes) originally
W0315 12:09:40.099702 3523308 bfc_allocator.cc:502] Allocator (GPU_0_bfc) ran out of memory trying to allocate 36.57GiB (rounded to 39268123136)requested by op 
If the cause is memory fragmentation maybe the environment variable 'TF_GPU_ALLOCATOR=cuda_malloc_async' will improve the situation. 
Current allocation summary follows.
Current allocation summary follows.
W0315 12:09:40.100017 3523308 bfc_allocator.cc:513] ***_*********_______________________________________________________________________________________
W0315 12:13:22.256318 3523357 hlo_rematerialization.cc:3204] Can't reduce memory use below 29.98GiB (32190082580 bytes) by rematerialization; only reduced to 32.79GiB (35212230688 bytes), down from 32.79GiB (35212230688 bytes) originally
W0315 12:13:32.420333 3523308 bfc_allocator.cc:502] Allocator (GPU_0_bfc) ran out of memory trying to allocate 32.76GiB (rounded to 35178676736)requested by op 
If the cause is memory fragmentation maybe the environment variable 'TF_GPU_ALLOCATOR=cuda_malloc_async' will improve the situation. 
Current allocation summary follows.
Current allocation summary follows.
W0315 12:13:32.420652 3523308 bfc_allocator.cc:513] **__***____**_______________________________________________________________________________________
/lustre06/project/6102186/liamfitz/fouriax/src/fouriax/optics/propagation.py:1032: UserWarning: ASM selected outside recommended regime (distance_um=300.000, z_crit_um=111.502, recommended='rs'). Planning will continue with ASM as requested.
  _warn_if_explicit_mode_mismatch("asm")
W0315 12:13:47.330956 3528395 hlo_rematerialization.cc:3204] Can't reduce memory use below 30.00GiB (32212731822 bytes) by rematerialization; only reduced to 32.58GiB (34982592544 bytes), down from 32.58GiB (34982592544 bytes) originally
W0315 12:13:57.536588 3528364 bfc_allocator.cc:502] Allocator (GPU_0_bfc) ran out of memory trying to allocate 32.57GiB (rounded to 34974204416)requested by op 
If the cause is memory fragmentation maybe the environment variable 'TF_GPU_ALLOCATOR=cuda_malloc_async' will improve the situation. 
Current allocation summary follows.
Current allocation summary follows.
W0315 12:13:57.536769 3528364 bfc_allocator.cc:513] *___________________________________________________________________________________________________
W0315 12:14:06.291184 3528395 hlo_rematerialization.cc:3204] Can't reduce memory use below 29.56GiB (31737095803 bytes) by rematerialization; only reduced to 37.07GiB (39804993568 bytes), down from 37.07GiB (39804993568 bytes) originally
W0315 12:14:17.074907 3528364 bfc_allocator.cc:502] Allocator (GPU_0_bfc) ran out of memory trying to allocate 36.57GiB (rounded to 39268123136)requested by op 
If the cause is memory fragmentation maybe the environment variable 'TF_GPU_ALLOCATOR=cuda_malloc_async' will improve the situation. 
Current allocation summary follows.
Current allocation summary follows.
W0315 12:14:17.075118 3528364 bfc_allocator.cc:513] *******_____________________________________________________________________________________________
W0315 12:14:21.566664 3528395 hlo_rematerialization.cc:3204] Can't reduce memory use below 29.07GiB (31209664020 bytes) by rematerialization; only reduced to 33.01GiB (35442917408 bytes), down from 33.01GiB (35442917408 bytes) originally
W0315 12:14:32.510281 3528364 bfc_allocator.cc:502] Allocator (GPU_0_bfc) ran out of memory trying to allocate 33.00GiB (rounded to 35433480704)requested by op 
If the cause is memory fragmentation maybe the environment variable 'TF_GPU_ALLOCATOR=cuda_malloc_async' will improve the situation. 
Current allocation summary follows.
Current allocation summary follows.
W0315 12:14:32.510525 3528364 bfc_allocator.cc:513] ***_****____________________________________________________________________________________________
W0315 12:15:21.460274 3528394 hlo_rematerialization.cc:3204] Can't reduce memory use below 29.56GiB (31737097748 bytes) by rematerialization; only reduced to 37.07GiB (39804993568 bytes), down from 37.07GiB (39804993568 bytes) originally
W0315 12:15:32.388183 3528364 bfc_allocator.cc:502] Allocator (GPU_0_bfc) ran out of memory trying to allocate 36.57GiB (rounded to 39268123136)requested by op 
If the cause is memory fragmentation maybe the environment variable 'TF_GPU_ALLOCATOR=cuda_malloc_async' will improve the situation. 
Current allocation summary follows.
Current allocation summary follows.
W0315 12:15:32.388537 3528364 bfc_allocator.cc:513] ***_*********_______________________________________________________________________________________
W0315 12:19:16.298026 3528395 hlo_rematerialization.cc:3204] Can't reduce memory use below 29.98GiB (32190082580 bytes) by rematerialization; only reduced to 32.79GiB (35212230688 bytes), down from 32.79GiB (35212230688 bytes) originally
W0315 12:19:26.480791 3528364 bfc_allocator.cc:502] Allocator (GPU_0_bfc) ran out of memory trying to allocate 32.76GiB (rounded to 35178676736)requested by op 
If the cause is memory fragmentation maybe the environment variable 'TF_GPU_ALLOCATOR=cuda_malloc_async' will improve the situation. 
Current allocation summary follows.
Current allocation summary follows.
W0315 12:19:26.481067 3528364 bfc_allocator.cc:513] **__***____**_______________________________________________________________________________________
/lustre06/project/6102186/liamfitz/fouriax/src/fouriax/optics/propagation.py:1032: UserWarning: ASM selected outside recommended regime (distance_um=400.000, z_crit_um=111.502, recommended='rs'). Planning will continue with ASM as requested.
  _warn_if_explicit_mode_mismatch("asm")
W0315 12:19:41.557126 3533572 hlo_rematerialization.cc:3204] Can't reduce memory use below 30.00GiB (32212731822 bytes) by rematerialization; only reduced to 32.58GiB (34982592544 bytes), down from 32.58GiB (34982592544 bytes) originally
W0315 12:19:51.755618 3533536 bfc_allocator.cc:502] Allocator (GPU_0_bfc) ran out of memory trying to allocate 32.57GiB (rounded to 34974204416)requested by op 
If the cause is memory fragmentation maybe the environment variable 'TF_GPU_ALLOCATOR=cuda_malloc_async' will improve the situation. 
Current allocation summary follows.
Current allocation summary follows.
W0315 12:19:51.755754 3533536 bfc_allocator.cc:513] *___________________________________________________________________________________________________
W0315 12:20:11.274012 3533571 hlo_rematerialization.cc:3204] Can't reduce memory use below 29.07GiB (31209664020 bytes) by rematerialization; only reduced to 33.01GiB (35442917408 bytes), down from 33.01GiB (35442917408 bytes) originally
W0315 12:20:22.230761 3533536 bfc_allocator.cc:502] Allocator (GPU_0_bfc) ran out of memory trying to allocate 33.00GiB (rounded to 35433480704)requested by op 
If the cause is memory fragmentation maybe the environment variable 'TF_GPU_ALLOCATOR=cuda_malloc_async' will improve the situation. 
Current allocation summary follows.
Current allocation summary follows.
W0315 12:20:22.230980 3533536 bfc_allocator.cc:513] *****_______________________________________________________________________________________________
W0315 12:20:23.416695 3533573 hlo_rematerialization.cc:3204] Can't reduce memory use below 29.56GiB (31737095803 bytes) by rematerialization; only reduced to 37.07GiB (39804993568 bytes), down from 37.07GiB (39804993568 bytes) originally
W0315 12:20:34.182276 3533536 bfc_allocator.cc:502] Allocator (GPU_0_bfc) ran out of memory trying to allocate 36.57GiB (rounded to 39268123136)requested by op 
If the cause is memory fragmentation maybe the environment variable 'TF_GPU_ALLOCATOR=cuda_malloc_async' will improve the situation. 
Current allocation summary follows.
Current allocation summary follows.
W0315 12:20:34.182543 3533536 bfc_allocator.cc:513] *******_____________________________________________________________________________________________
W0315 12:21:19.798903 3533571 hlo_rematerialization.cc:3204] Can't reduce memory use below 29.56GiB (31737097748 bytes) by rematerialization; only reduced to 37.07GiB (39804993568 bytes), down from 37.07GiB (39804993568 bytes) originally
W0315 12:21:30.740629 3533536 bfc_allocator.cc:502] Allocator (GPU_0_bfc) ran out of memory trying to allocate 36.57GiB (rounded to 39268123136)requested by op 
If the cause is memory fragmentation maybe the environment variable 'TF_GPU_ALLOCATOR=cuda_malloc_async' will improve the situation. 
Current allocation summary follows.
Current allocation summary follows.
W0315 12:21:30.740937 3533536 bfc_allocator.cc:513] ************________________________________________________________________________________________
W0315 12:25:17.167126 3533571 hlo_rematerialization.cc:3204] Can't reduce memory use below 29.98GiB (32190082580 bytes) by rematerialization; only reduced to 32.79GiB (35212230688 bytes), down from 32.79GiB (35212230688 bytes) originally
W0315 12:25:27.351898 3533536 bfc_allocator.cc:502] Allocator (GPU_0_bfc) ran out of memory trying to allocate 32.76GiB (rounded to 35178676736)requested by op 
If the cause is memory fragmentation maybe the environment variable 'TF_GPU_ALLOCATOR=cuda_malloc_async' will improve the situation. 
Current allocation summary follows.
Current allocation summary follows.
W0315 12:25:27.352145 3533536 bfc_allocator.cc:513] **__***__***________________________________________________________________________________________
/lustre06/project/6102186/liamfitz/fouriax/src/fouriax/optics/propagation.py:1032: UserWarning: ASM selected outside recommended regime (distance_um=500.000, z_crit_um=111.502, recommended='rs'). Planning will continue with ASM as requested.
  _warn_if_explicit_mode_mismatch("asm")
W0315 12:25:42.543133 3538661 hlo_rematerialization.cc:3204] Can't reduce memory use below 30.00GiB (32212731822 bytes) by rematerialization; only reduced to 32.58GiB (34982592544 bytes), down from 32.58GiB (34982592544 bytes) originally
W0315 12:25:52.732368 3538637 bfc_allocator.cc:502] Allocator (GPU_0_bfc) ran out of memory trying to allocate 32.57GiB (rounded to 34974204416)requested by op 
If the cause is memory fragmentation maybe the environment variable 'TF_GPU_ALLOCATOR=cuda_malloc_async' will improve the situation. 
Current allocation summary follows.
Current allocation summary follows.
W0315 12:25:52.732622 3538637 bfc_allocator.cc:513] *___________________________________________________________________________________________________
W0315 12:26:05.408358 3538661 hlo_rematerialization.cc:3204] Can't reduce memory use below 29.07GiB (31209664020 bytes) by rematerialization; only reduced to 33.01GiB (35442917408 bytes), down from 33.01GiB (35442917408 bytes) originally
W0315 12:26:16.352552 3538637 bfc_allocator.cc:502] Allocator (GPU_0_bfc) ran out of memory trying to allocate 33.00GiB (rounded to 35433480704)requested by op 
If the cause is memory fragmentation maybe the environment variable 'TF_GPU_ALLOCATOR=cuda_malloc_async' will improve the situation. 
Current allocation summary follows.
Current allocation summary follows.
W0315 12:26:16.352774 3538637 bfc_allocator.cc:513] *****_______________________________________________________________________________________________
W0315 12:26:16.383895 3538661 hlo_rematerialization.cc:3204] Can't reduce memory use below 29.56GiB (31737095803 bytes) by rematerialization; only reduced to 37.07GiB (39804993568 bytes), down from 37.07GiB (39804993568 bytes) originally
W0315 12:26:27.218302 3538637 bfc_allocator.cc:502] Allocator (GPU_0_bfc) ran out of memory trying to allocate 36.57GiB (rounded to 39268123136)requested by op 
If the cause is memory fragmentation maybe the environment variable 'TF_GPU_ALLOCATOR=cuda_malloc_async' will improve the situation. 
Current allocation summary follows.
Current allocation summary follows.
W0315 12:26:27.218557 3538637 bfc_allocator.cc:513] *******_____________________________________________________________________________________________
W0315 12:27:11.950443 3538660 hlo_rematerialization.cc:3204] Can't reduce memory use below 29.56GiB (31737097748 bytes) by rematerialization; only reduced to 37.07GiB (39804993568 bytes), down from 37.07GiB (39804993568 bytes) originally
W0315 12:27:22.909962 3538637 bfc_allocator.cc:502] Allocator (GPU_0_bfc) ran out of memory trying to allocate 36.57GiB (rounded to 39268123136)requested by op 
If the cause is memory fragmentation maybe the environment variable 'TF_GPU_ALLOCATOR=cuda_malloc_async' will improve the situation. 
Current allocation summary follows.
Current allocation summary follows.
W0315 12:27:22.910140 3538637 bfc_allocator.cc:513] ***_*********_______________________________________________________________________________________
W0315 12:31:05.883860 3538661 hlo_rematerialization.cc:3204] Can't reduce memory use below 29.98GiB (32190082580 bytes) by rematerialization; only reduced to 32.79GiB (35212230688 bytes), down from 32.79GiB (35212230688 bytes) originally
W0315 12:31:16.334991 3538637 bfc_allocator.cc:502] Allocator (GPU_0_bfc) ran out of memory trying to allocate 32.76GiB (rounded to 35178676736)requested by op 
If the cause is memory fragmentation maybe the environment variable 'TF_GPU_ALLOCATOR=cuda_malloc_async' will improve the situation. 
Current allocation summary follows.
Current allocation summary follows.
W0315 12:31:16.335270 3538637 bfc_allocator.cc:513] **__***____**_______________________________________________________________________________________
/lustre06/project/6102186/liamfitz/fouriax/src/fouriax/optics/propagation.py:1032: UserWarning: ASM selected outside recommended regime (distance_um=600.000, z_crit_um=111.502, recommended='rs'). Planning will continue with ASM as requested.
  _warn_if_explicit_mode_mismatch("asm")
W0315 12:31:31.742840 3543773 hlo_rematerialization.cc:3204] Can't reduce memory use below 30.00GiB (32212731822 bytes) by rematerialization; only reduced to 32.58GiB (34982592544 bytes), down from 32.58GiB (34982592544 bytes) originally
W0315 12:31:41.911010 3543749 bfc_allocator.cc:502] Allocator (GPU_0_bfc) ran out of memory trying to allocate 32.57GiB (rounded to 34974204416)requested by op 
If the cause is memory fragmentation maybe the environment variable 'TF_GPU_ALLOCATOR=cuda_malloc_async' will improve the situation. 
Current allocation summary follows.
Current allocation summary follows.
W0315 12:31:41.911252 3543749 bfc_allocator.cc:513] *___________________________________________________________________________________________________
W0315 12:31:51.269469 3543772 hlo_rematerialization.cc:3204] Can't reduce memory use below 29.56GiB (31737095803 bytes) by rematerialization; only reduced to 37.07GiB (39804993568 bytes), down from 37.07GiB (39804993568 bytes) originally
W0315 12:32:02.035001 3543749 bfc_allocator.cc:502] Allocator (GPU_0_bfc) ran out of memory trying to allocate 36.57GiB (rounded to 39268123136)requested by op 
If the cause is memory fragmentation maybe the environment variable 'TF_GPU_ALLOCATOR=cuda_malloc_async' will improve the situation. 
Current allocation summary follows.
Current allocation summary follows.
W0315 12:32:02.035205 3543749 bfc_allocator.cc:513] *******_____________________________________________________________________________________________
W0315 12:32:06.200658 3543772 hlo_rematerialization.cc:3204] Can't reduce memory use below 29.07GiB (31209664020 bytes) by rematerialization; only reduced to 33.01GiB (35442917408 bytes), down from 33.01GiB (35442917408 bytes) originally
W0315 12:32:17.144761 3543749 bfc_allocator.cc:502] Allocator (GPU_0_bfc) ran out of memory trying to allocate 33.00GiB (rounded to 35433480704)requested by op 
If the cause is memory fragmentation maybe the environment variable 'TF_GPU_ALLOCATOR=cuda_malloc_async' will improve the situation. 
Current allocation summary follows.
Current allocation summary follows.
W0315 12:32:17.144975 3543749 bfc_allocator.cc:513] ***_****____________________________________________________________________________________________
W0315 12:33:01.098595 3543772 hlo_rematerialization.cc:3204] Can't reduce memory use below 29.56GiB (31737097748 bytes) by rematerialization; only reduced to 37.07GiB (39804993568 bytes), down from 37.07GiB (39804993568 bytes) originally
W0315 12:33:12.033622 3543749 bfc_allocator.cc:502] Allocator (GPU_0_bfc) ran out of memory trying to allocate 36.57GiB (rounded to 39268123136)requested by op 
If the cause is memory fragmentation maybe the environment variable 'TF_GPU_ALLOCATOR=cuda_malloc_async' will improve the situation. 
Current allocation summary follows.
Current allocation summary follows.
W0315 12:33:12.033794 3543749 bfc_allocator.cc:513] ************________________________________________________________________________________________
W0315 12:36:54.706897 3543772 hlo_rematerialization.cc:3204] Can't reduce memory use below 29.98GiB (32190082580 bytes) by rematerialization; only reduced to 32.79GiB (35212230688 bytes), down from 32.79GiB (35212230688 bytes) originally
W0315 12:37:04.909923 3543749 bfc_allocator.cc:502] Allocator (GPU_0_bfc) ran out of memory trying to allocate 32.76GiB (rounded to 35178676736)requested by op 
If the cause is memory fragmentation maybe the environment variable 'TF_GPU_ALLOCATOR=cuda_malloc_async' will improve the situation. 
Current allocation summary follows.
Current allocation summary follows.
W0315 12:37:04.910168 3543749 bfc_allocator.cc:513] **__***__***________________________________________________________________________________________
/lustre06/project/6102186/liamfitz/fouriax/src/fouriax/optics/propagation.py:1032: UserWarning: ASM selected outside recommended regime (distance_um=700.000, z_crit_um=111.502, recommended='rs'). Planning will continue with ASM as requested.
  _warn_if_explicit_mode_mismatch("asm")
W0315 12:37:22.974052 3548911 hlo_rematerialization.cc:3204] Can't reduce memory use below 30.00GiB (32212731822 bytes) by rematerialization; only reduced to 32.58GiB (34982592544 bytes), down from 32.58GiB (34982592544 bytes) originally
W0315 12:37:33.141839 3548867 bfc_allocator.cc:502] Allocator (GPU_0_bfc) ran out of memory trying to allocate 32.57GiB (rounded to 34974204416)requested by op 
If the cause is memory fragmentation maybe the environment variable 'TF_GPU_ALLOCATOR=cuda_malloc_async' will improve the situation. 
Current allocation summary follows.
Current allocation summary follows.
W0315 12:37:33.142109 3548867 bfc_allocator.cc:513] *___________________________________________________________________________________________________
W0315 12:37:51.622600 3548910 hlo_rematerialization.cc:3204] Can't reduce memory use below 29.56GiB (31737095803 bytes) by rematerialization; only reduced to 37.07GiB (39804993568 bytes), down from 37.07GiB (39804993568 bytes) originally
W0315 12:38:02.400445 3548867 bfc_allocator.cc:502] Allocator (GPU_0_bfc) ran out of memory trying to allocate 36.57GiB (rounded to 39268123136)requested by op 
If the cause is memory fragmentation maybe the environment variable 'TF_GPU_ALLOCATOR=cuda_malloc_async' will improve the situation. 
Current allocation summary follows.
Current allocation summary follows.
W0315 12:38:02.400655 3548867 bfc_allocator.cc:513] *******_____________________________________________________________________________________________
W0315 12:38:06.543622 3548910 hlo_rematerialization.cc:3204] Can't reduce memory use below 29.07GiB (31209664020 bytes) by rematerialization; only reduced to 33.01GiB (35442917408 bytes), down from 33.01GiB (35442917408 bytes) originally
W0315 12:38:17.473455 3548867 bfc_allocator.cc:502] Allocator (GPU_0_bfc) ran out of memory trying to allocate 33.00GiB (rounded to 35433480704)requested by op 
If the cause is memory fragmentation maybe the environment variable 'TF_GPU_ALLOCATOR=cuda_malloc_async' will improve the situation. 
Current allocation summary follows.
Current allocation summary follows.
W0315 12:38:17.473596 3548867 bfc_allocator.cc:513] ***_****____________________________________________________________________________________________
W0315 12:38:52.293890 3548910 hlo_rematerialization.cc:3204] Can't reduce memory use below 29.56GiB (31737097748 bytes) by rematerialization; only reduced to 37.07GiB (39804993568 bytes), down from 37.07GiB (39804993568 bytes) originally
W0315 12:39:03.229264 3548867 bfc_allocator.cc:502] Allocator (GPU_0_bfc) ran out of memory trying to allocate 36.57GiB (rounded to 39268123136)requested by op 
If the cause is memory fragmentation maybe the environment variable 'TF_GPU_ALLOCATOR=cuda_malloc_async' will improve the situation. 
Current allocation summary follows.
Current allocation summary follows.
W0315 12:39:03.229588 3548867 bfc_allocator.cc:513] ***_*********_______________________________________________________________________________________
W0315 12:42:46.143566 3548910 hlo_rematerialization.cc:3204] Can't reduce memory use below 29.98GiB (32190082580 bytes) by rematerialization; only reduced to 32.79GiB (35212230688 bytes), down from 32.79GiB (35212230688 bytes) originally
W0315 12:42:56.308390 3548867 bfc_allocator.cc:502] Allocator (GPU_0_bfc) ran out of memory trying to allocate 32.76GiB (rounded to 35178676736)requested by op 
If the cause is memory fragmentation maybe the environment variable 'TF_GPU_ALLOCATOR=cuda_malloc_async' will improve the situation. 
Current allocation summary follows.
Current allocation summary follows.
W0315 12:42:56.308635 3548867 bfc_allocator.cc:513] **__***____**_______________________________________________________________________________________
/lustre06/project/6102186/liamfitz/fouriax/src/fouriax/optics/propagation.py:1032: UserWarning: ASM selected outside recommended regime (distance_um=800.000, z_crit_um=111.502, recommended='rs'). Planning will continue with ASM as requested.
  _warn_if_explicit_mode_mismatch("asm")
W0315 12:43:11.766932 3553547 hlo_rematerialization.cc:3204] Can't reduce memory use below 30.00GiB (32212731822 bytes) by rematerialization; only reduced to 32.58GiB (34982592544 bytes), down from 32.58GiB (34982592544 bytes) originally
W0315 12:43:21.945184 3553523 bfc_allocator.cc:502] Allocator (GPU_0_bfc) ran out of memory trying to allocate 32.57GiB (rounded to 34974204416)requested by op 
If the cause is memory fragmentation maybe the environment variable 'TF_GPU_ALLOCATOR=cuda_malloc_async' will improve the situation. 
Current allocation summary follows.
Current allocation summary follows.
W0315 12:43:21.945419 3553523 bfc_allocator.cc:513] *___________________________________________________________________________________________________
W0315 12:43:31.335309 3553546 hlo_rematerialization.cc:3204] Can't reduce memory use below 29.56GiB (31737095803 bytes) by rematerialization; only reduced to 37.07GiB (39804993568 bytes), down from 37.07GiB (39804993568 bytes) originally
W0315 12:43:42.098162 3553523 bfc_allocator.cc:502] Allocator (GPU_0_bfc) ran out of memory trying to allocate 36.57GiB (rounded to 39268123136)requested by op 
If the cause is memory fragmentation maybe the environment variable 'TF_GPU_ALLOCATOR=cuda_malloc_async' will improve the situation. 
Current allocation summary follows.
Current allocation summary follows.
W0315 12:43:42.098410 3553523 bfc_allocator.cc:513] *******_____________________________________________________________________________________________
W0315 12:43:46.202637 3553546 hlo_rematerialization.cc:3204] Can't reduce memory use below 29.07GiB (31209664020 bytes) by rematerialization; only reduced to 33.01GiB (35442917408 bytes), down from 33.01GiB (35442917408 bytes) originally
W0315 12:43:57.158050 3553523 bfc_allocator.cc:502] Allocator (GPU_0_bfc) ran out of memory trying to allocate 33.00GiB (rounded to 35433480704)requested by op 
If the cause is memory fragmentation maybe the environment variable 'TF_GPU_ALLOCATOR=cuda_malloc_async' will improve the situation. 
Current allocation summary follows.
Current allocation summary follows.
W0315 12:43:57.158172 3553523 bfc_allocator.cc:513] ***_****____________________________________________________________________________________________
W0315 12:44:45.957098 3553546 hlo_rematerialization.cc:3204] Can't reduce memory use below 29.56GiB (31737097748 bytes) by rematerialization; only reduced to 37.07GiB (39804993568 bytes), down from 37.07GiB (39804993568 bytes) originally
W0315 12:44:56.898502 3553523 bfc_allocator.cc:502] Allocator (GPU_0_bfc) ran out of memory trying to allocate 36.57GiB (rounded to 39268123136)requested by op 
If the cause is memory fragmentation maybe the environment variable 'TF_GPU_ALLOCATOR=cuda_malloc_async' will improve the situation. 
Current allocation summary follows.
Current allocation summary follows.
W0315 12:44:56.898808 3553523 bfc_allocator.cc:513] ************________________________________________________________________________________________
W0315 12:48:40.196010 3553547 hlo_rematerialization.cc:3204] Can't reduce memory use below 29.98GiB (32190082580 bytes) by rematerialization; only reduced to 32.79GiB (35212230688 bytes), down from 32.79GiB (35212230688 bytes) originally
W0315 12:48:50.623091 3553523 bfc_allocator.cc:502] Allocator (GPU_0_bfc) ran out of memory trying to allocate 32.76GiB (rounded to 35178676736)requested by op 
If the cause is memory fragmentation maybe the environment variable 'TF_GPU_ALLOCATOR=cuda_malloc_async' will improve the situation. 
Current allocation summary follows.
Current allocation summary follows.
W0315 12:48:50.623383 3553523 bfc_allocator.cc:513] **__***__***________________________________________________________________________________________
/lustre06/project/6102186/liamfitz/fouriax/src/fouriax/optics/propagation.py:1032: UserWarning: ASM selected outside recommended regime (distance_um=900.000, z_crit_um=111.502, recommended='rs'). Planning will continue with ASM as requested.
  _warn_if_explicit_mode_mismatch("asm")
W0315 12:49:05.490263 3558603 hlo_rematerialization.cc:3204] Can't reduce memory use below 30.00GiB (32212731822 bytes) by rematerialization; only reduced to 32.58GiB (34982592544 bytes), down from 32.58GiB (34982592544 bytes) originally
W0315 12:49:15.689255 3558579 bfc_allocator.cc:502] Allocator (GPU_0_bfc) ran out of memory trying to allocate 32.57GiB (rounded to 34974204416)requested by op 
If the cause is memory fragmentation maybe the environment variable 'TF_GPU_ALLOCATOR=cuda_malloc_async' will improve the situation. 
Current allocation summary follows.
Current allocation summary follows.
W0315 12:49:15.689503 3558579 bfc_allocator.cc:513] *___________________________________________________________________________________________________
W0315 12:49:25.116470 3558602 hlo_rematerialization.cc:3204] Can't reduce memory use below 29.56GiB (31737095803 bytes) by rematerialization; only reduced to 37.07GiB (39804993568 bytes), down from 37.07GiB (39804993568 bytes) originally
W0315 12:49:35.881420 3558579 bfc_allocator.cc:502] Allocator (GPU_0_bfc) ran out of memory trying to allocate 36.57GiB (rounded to 39268123136)requested by op 
If the cause is memory fragmentation maybe the environment variable 'TF_GPU_ALLOCATOR=cuda_malloc_async' will improve the situation. 
Current allocation summary follows.
Current allocation summary follows.
W0315 12:49:35.881634 3558579 bfc_allocator.cc:513] *******_____________________________________________________________________________________________
W0315 12:49:40.024100 3558602 hlo_rematerialization.cc:3204] Can't reduce memory use below 29.07GiB (31209664020 bytes) by rematerialization; only reduced to 33.01GiB (35442917408 bytes), down from 33.01GiB (35442917408 bytes) originally
W0315 12:49:50.964158 3558579 bfc_allocator.cc:502] Allocator (GPU_0_bfc) ran out of memory trying to allocate 33.00GiB (rounded to 35433480704)requested by op 
If the cause is memory fragmentation maybe the environment variable 'TF_GPU_ALLOCATOR=cuda_malloc_async' will improve the situation. 
Current allocation summary follows.
Current allocation summary follows.
W0315 12:49:50.964423 3558579 bfc_allocator.cc:513] ***_****____________________________________________________________________________________________
W0315 12:50:35.036036 3558602 hlo_rematerialization.cc:3204] Can't reduce memory use below 29.56GiB (31737097748 bytes) by rematerialization; only reduced to 37.07GiB (39804993568 bytes), down from 37.07GiB (39804993568 bytes) originally
W0315 12:50:45.983732 3558579 bfc_allocator.cc:502] Allocator (GPU_0_bfc) ran out of memory trying to allocate 36.57GiB (rounded to 39268123136)requested by op 
If the cause is memory fragmentation maybe the environment variable 'TF_GPU_ALLOCATOR=cuda_malloc_async' will improve the situation. 
Current allocation summary follows.
Current allocation summary follows.
W0315 12:50:45.984041 3558579 bfc_allocator.cc:513] ************________________________________________________________________________________________
W0315 12:54:28.479034 3558602 hlo_rematerialization.cc:3204] Can't reduce memory use below 29.98GiB (32190082580 bytes) by rematerialization; only reduced to 32.79GiB (35212230688 bytes), down from 32.79GiB (35212230688 bytes) originally
W0315 12:54:38.689680 3558579 bfc_allocator.cc:502] Allocator (GPU_0_bfc) ran out of memory trying to allocate 32.76GiB (rounded to 35178676736)requested by op 
If the cause is memory fragmentation maybe the environment variable 'TF_GPU_ALLOCATOR=cuda_malloc_async' will improve the situation. 
Current allocation summary follows.
Current allocation summary follows.
W0315 12:54:38.689956 3558579 bfc_allocator.cc:513] **__***__***________________________________________________________________________________________
/lustre06/project/6102186/liamfitz/fouriax/src/fouriax/optics/propagation.py:1032: UserWarning: ASM selected outside recommended regime (distance_um=1000.000, z_crit_um=111.502, recommended='rs'). Planning will continue with ASM as requested.
  _warn_if_explicit_mode_mismatch("asm")
W0315 12:54:54.721641 3563686 hlo_rematerialization.cc:3204] Can't reduce memory use below 30.00GiB (32212731822 bytes) by rematerialization; only reduced to 32.58GiB (34982592544 bytes), down from 32.58GiB (34982592544 bytes) originally
W0315 12:55:04.909521 3563661 bfc_allocator.cc:502] Allocator (GPU_0_bfc) ran out of memory trying to allocate 32.57GiB (rounded to 34974204416)requested by op 
If the cause is memory fragmentation maybe the environment variable 'TF_GPU_ALLOCATOR=cuda_malloc_async' will improve the situation. 
Current allocation summary follows.
Current allocation summary follows.
W0315 12:55:04.909799 3563661 bfc_allocator.cc:513] *___________________________________________________________________________________________________
W0315 12:55:23.457001 3563685 hlo_rematerialization.cc:3204] Can't reduce memory use below 29.56GiB (31737095803 bytes) by rematerialization; only reduced to 37.07GiB (39804993568 bytes), down from 37.07GiB (39804993568 bytes) originally
W0315 12:55:34.238780 3563661 bfc_allocator.cc:502] Allocator (GPU_0_bfc) ran out of memory trying to allocate 36.57GiB (rounded to 39268123136)requested by op 
If the cause is memory fragmentation maybe the environment variable 'TF_GPU_ALLOCATOR=cuda_malloc_async' will improve the situation. 
Current allocation summary follows.
Current allocation summary follows.
W0315 12:55:34.238994 3563661 bfc_allocator.cc:513] *******_____________________________________________________________________________________________
W0315 12:55:38.392862 3563688 hlo_rematerialization.cc:3204] Can't reduce memory use below 29.07GiB (31209664020 bytes) by rematerialization; only reduced to 33.01GiB (35442917408 bytes), down from 33.01GiB (35442917408 bytes) originally
W0315 12:55:49.321779 3563661 bfc_allocator.cc:502] Allocator (GPU_0_bfc) ran out of memory trying to allocate 33.00GiB (rounded to 35433480704)requested by op 
If the cause is memory fragmentation maybe the environment variable 'TF_GPU_ALLOCATOR=cuda_malloc_async' will improve the situation. 
Current allocation summary follows.
Current allocation summary follows.
W0315 12:55:49.321928 3563661 bfc_allocator.cc:513] ***_****____________________________________________________________________________________________
W0315 12:56:24.288376 3563685 hlo_rematerialization.cc:3204] Can't reduce memory use below 29.56GiB (31737097748 bytes) by rematerialization; only reduced to 37.07GiB (39804993568 bytes), down from 37.07GiB (39804993568 bytes) originally
W0315 12:56:35.241228 3563661 bfc_allocator.cc:502] Allocator (GPU_0_bfc) ran out of memory trying to allocate 36.57GiB (rounded to 39268123136)requested by op 
If the cause is memory fragmentation maybe the environment variable 'TF_GPU_ALLOCATOR=cuda_malloc_async' will improve the situation. 
Current allocation summary follows.
Current allocation summary follows.
W0315 12:56:35.241570 3563661 bfc_allocator.cc:513] ************________________________________________________________________________________________
W0315 13:00:17.711772 3563685 hlo_rematerialization.cc:3204] Can't reduce memory use below 29.98GiB (32190082580 bytes) by rematerialization; only reduced to 32.79GiB (35212230688 bytes), down from 32.79GiB (35212230688 bytes) originally
W0315 13:00:27.889639 3563661 bfc_allocator.cc:502] Allocator (GPU_0_bfc) ran out of memory trying to allocate 32.76GiB (rounded to 35178676736)requested by op 
If the cause is memory fragmentation maybe the environment variable 'TF_GPU_ALLOCATOR=cuda_malloc_async' will improve the situation. 
Current allocation summary follows.
Current allocation summary follows.
W0315 13:00:27.889795 3563661 bfc_allocator.cc:513] **__***__***________________________________________________________________________________________
