W0317 11:01:26.700534 1772977 hlo_rematerialization.cc:3204] Can't reduce memory use below 30.00GiB (32210503598 bytes) by rematerialization; only reduced to 64.66GiB (69429887008 bytes), down from 64.66GiB (69429887008 bytes) originally
W0317 11:01:36.893568 1772953 bfc_allocator.cc:502] Allocator (GPU_0_bfc) ran out of memory trying to allocate 64.63GiB (rounded to 69396333056)requested by op 
If the cause is memory fragmentation maybe the environment variable 'TF_GPU_ALLOCATOR=cuda_malloc_async' will improve the situation. 
Current allocation summary follows.
Current allocation summary follows.
W0317 11:01:36.893740 1772953 bfc_allocator.cc:513] *___________________________________________________________________________________________________
W0317 11:01:37.572876 1772977 hlo_rematerialization.cc:3204] Can't reduce memory use below 29.98GiB (32190082580 bytes) by rematerialization; only reduced to 129.29GiB (138826219552 bytes), down from 129.29GiB (138826219552 bytes) originally
W0317 11:01:47.977036 1772953 bfc_allocator.cc:502] Allocator (GPU_0_bfc) ran out of memory trying to allocate 129.26GiB (rounded to 138792665600)requested by op 
If the cause is memory fragmentation maybe the environment variable 'TF_GPU_ALLOCATOR=cuda_malloc_async' will improve the situation. 
Current allocation summary follows.
Current allocation summary follows.
W0317 11:01:47.977200 1772953 bfc_allocator.cc:513] *___________________________________________________________________________________________________
W0317 11:01:48.572211 1772977 hlo_rematerialization.cc:3204] Can't reduce memory use below 29.98GiB (32193726382 bytes) by rematerialization; only reduced to 64.77GiB (69548376096 bytes), down from 64.77GiB (69548376096 bytes) originally
W0317 11:01:58.804935 1772953 bfc_allocator.cc:502] Allocator (GPU_0_bfc) ran out of memory trying to allocate 64.76GiB (rounded to 69531599360)requested by op 
If the cause is memory fragmentation maybe the environment variable 'TF_GPU_ALLOCATOR=cuda_malloc_async' will improve the situation. 
Current allocation summary follows.
Current allocation summary follows.
W0317 11:01:58.805050 1772953 bfc_allocator.cc:513] **__________________________________________________________________________________________________
W0317 11:02:06.134247 1772978 hlo_rematerialization.cc:3204] Can't reduce memory use below 29.07GiB (31209664020 bytes) by rematerialization; only reduced to 129.51GiB (139059003424 bytes), down from 129.51GiB (139059003424 bytes) originally
W0317 11:02:17.117102 1772953 bfc_allocator.cc:502] Allocator (GPU_0_bfc) ran out of memory trying to allocate 129.50GiB (rounded to 139049566720)requested by op 
If the cause is memory fragmentation maybe the environment variable 'TF_GPU_ALLOCATOR=cuda_malloc_async' will improve the situation. 
Current allocation summary follows.
Current allocation summary follows.
W0317 11:02:17.117262 1772953 bfc_allocator.cc:513] *****_______________________________________________________________________________________________
W0317 11:02:17.259700 1772979 hlo_rematerialization.cc:3204] Can't reduce memory use below 29.30GiB (31464441774 bytes) by rematerialization; only reduced to 64.75GiB (69529501728 bytes), down from 64.75GiB (69529501728 bytes) originally
W0317 11:02:28.088718 1772953 bfc_allocator.cc:502] Allocator (GPU_0_bfc) ran out of memory trying to allocate 64.75GiB (rounded to 69524783616)requested by op 
If the cause is memory fragmentation maybe the environment variable 'TF_GPU_ALLOCATOR=cuda_malloc_async' will improve the situation. 
Current allocation summary follows.
Current allocation summary follows.
W0317 11:02:28.088894 1772953 bfc_allocator.cc:513] ****________________________________________________________________________________________________
W0317 11:02:29.925600 1772977 hlo_rematerialization.cc:3204] Can't reduce memory use below 29.56GiB (31737095803 bytes) by rematerialization; only reduced to 133.54GiB (143387525152 bytes), down from 133.54GiB (143387525152 bytes) originally
W0317 11:02:41.051626 1772953 bfc_allocator.cc:502] Allocator (GPU_0_bfc) ran out of memory trying to allocate 133.04GiB (rounded to 142850654720)requested by op 
If the cause is memory fragmentation maybe the environment variable 'TF_GPU_ALLOCATOR=cuda_malloc_async' will improve the situation. 
Current allocation summary follows.
Current allocation summary follows.
W0317 11:02:41.051850 1772953 bfc_allocator.cc:513] *******_____________________________________________________________________________________________
W0317 11:02:45.662316 1772979 hlo_rematerialization.cc:3204] Can't reduce memory use below 29.30GiB (31464441774 bytes) by rematerialization; only reduced to 65.00GiB (69797937184 bytes), down from 65.00GiB (69797937184 bytes) originally
W0317 11:02:56.212408 1772953 bfc_allocator.cc:502] Allocator (GPU_0_bfc) ran out of memory trying to allocate 65.00GiB (rounded to 69793219072)requested by op 
If the cause is memory fragmentation maybe the environment variable 'TF_GPU_ALLOCATOR=cuda_malloc_async' will improve the situation. 
Current allocation summary follows.
Current allocation summary follows.
W0317 11:02:56.212559 1772953 bfc_allocator.cc:513] *******_____________________________________________________________________________________________
W0317 11:02:56.284627 1772978 hlo_rematerialization.cc:3204] Can't reduce memory use below 29.55GiB (31728157665 bytes) by rematerialization; only reduced to 68.79GiB (73858023456 bytes), down from 68.79GiB (73858023456 bytes) originally
W0317 11:03:06.700040 1772953 bfc_allocator.cc:502] Allocator (GPU_0_bfc) ran out of memory trying to allocate 68.54GiB (rounded to 73589588480)requested by op 
If the cause is memory fragmentation maybe the environment variable 'TF_GPU_ALLOCATOR=cuda_malloc_async' will improve the situation. 
Current allocation summary follows.
Current allocation summary follows.
W0317 11:03:06.700194 1772953 bfc_allocator.cc:513] *******_____________________________________________________________________________________________
W0317 11:03:13.370181 1772977 hlo_rematerialization.cc:3204] Can't reduce memory use below 29.80GiB (31996592148 bytes) by rematerialization; only reduced to 67.02GiB (71962198048 bytes), down from 67.02GiB (71962198048 bytes) originally
W0317 11:03:23.976600 1772953 bfc_allocator.cc:502] Allocator (GPU_0_bfc) ran out of memory trying to allocate 66.52GiB (rounded to 71425327616)requested by op 
If the cause is memory fragmentation maybe the environment variable 'TF_GPU_ALLOCATOR=cuda_malloc_async' will improve the situation. 
Current allocation summary follows.
Current allocation summary follows.
W0317 11:03:23.976825 1772953 bfc_allocator.cc:513] ********____________________________________________________________________________________________
W0317 11:04:19.274870 1772977 hlo_rematerialization.cc:3204] Can't reduce memory use below 29.80GiB (31996594094 bytes) by rematerialization; only reduced to 67.02GiB (71962198048 bytes), down from 67.02GiB (71962198048 bytes) originally
W0317 11:04:29.932600 1772953 bfc_allocator.cc:502] Allocator (GPU_0_bfc) ran out of memory trying to allocate 66.52GiB (rounded to 71425327616)requested by op 
If the cause is memory fragmentation maybe the environment variable 'TF_GPU_ALLOCATOR=cuda_malloc_async' will improve the situation. 
Current allocation summary follows.
Current allocation summary follows.
W0317 11:04:29.932922 1772953 bfc_allocator.cc:513] ************________________________________________________________________________________________
W0317 11:04:30.379499 1772978 hlo_rematerialization.cc:3204] Can't reduce memory use below 29.56GiB (31737097748 bytes) by rematerialization; only reduced to 133.54GiB (143387525152 bytes), down from 133.54GiB (143387525152 bytes) originally
W0317 11:04:41.641255 1772953 bfc_allocator.cc:502] Allocator (GPU_0_bfc) ran out of memory trying to allocate 133.04GiB (rounded to 142850654720)requested by op 
If the cause is memory fragmentation maybe the environment variable 'TF_GPU_ALLOCATOR=cuda_malloc_async' will improve the situation. 
Current allocation summary follows.
Current allocation summary follows.
W0317 11:04:41.641472 1772953 bfc_allocator.cc:513] *****************___________________________________________________________________________________
W0317 11:04:42.148062 1772979 hlo_rematerialization.cc:3204] Can't reduce memory use below 29.55GiB (31728158638 bytes) by rematerialization; only reduced to 68.79GiB (73858023456 bytes), down from 68.79GiB (73858023456 bytes) originally
W0317 11:04:53.177790 1772953 bfc_allocator.cc:502] Allocator (GPU_0_bfc) ran out of memory trying to allocate 68.54GiB (rounded to 73589588480)requested by op 
If the cause is memory fragmentation maybe the environment variable 'TF_GPU_ALLOCATOR=cuda_malloc_async' will improve the situation. 
Current allocation summary follows.
Current allocation summary follows.
W0317 11:04:53.178020 1772953 bfc_allocator.cc:513] ******************__________________________________________________________________________________
W0317 11:35:19.051480 1772978 hlo_rematerialization.cc:3204] Can't reduce memory use below 29.96GiB (32167721697 bytes) by rematerialization; only reduced to 65.13GiB (69936349216 bytes), down from 65.13GiB (69936349216 bytes) originally
W0317 11:35:29.281987 1772953 bfc_allocator.cc:502] Allocator (GPU_0_bfc) ran out of memory trying to allocate 65.01GiB (rounded to 69802131968)requested by op 
If the cause is memory fragmentation maybe the environment variable 'TF_GPU_ALLOCATOR=cuda_malloc_async' will improve the situation. 
Current allocation summary follows.
Current allocation summary follows.
W0317 11:35:29.282321 1772953 bfc_allocator.cc:513] **_*********__****__________________________________________________________________________________
W0317 11:35:29.600652 1772976 hlo_rematerialization.cc:3204] Can't reduce memory use below 29.89GiB (32099485614 bytes) by rematerialization; only reduced to 130.14GiB (139738480672 bytes), down from 130.14GiB (139738480672 bytes) originally
W0317 11:35:40.037856 1772953 bfc_allocator.cc:502] Allocator (GPU_0_bfc) ran out of memory trying to allocate 130.02GiB (rounded to 139604263424)requested by op 
If the cause is memory fragmentation maybe the environment variable 'TF_GPU_ALLOCATOR=cuda_malloc_async' will improve the situation. 
Current allocation summary follows.
Current allocation summary follows.
W0317 11:35:40.038059 1772953 bfc_allocator.cc:513] ************__****__________________________________________________________________________________
W0317 11:35:40.332720 1772976 hlo_rematerialization.cc:3204] Can't reduce memory use below 29.90GiB (32100612833 bytes) by rematerialization; only reduced to 65.57GiB (70410305568 bytes), down from 65.57GiB (70410305568 bytes) originally
W0317 11:35:50.990034 1772953 bfc_allocator.cc:502] Allocator (GPU_0_bfc) ran out of memory trying to allocate 65.51GiB (rounded to 70343197184)requested by op 
If the cause is memory fragmentation maybe the environment variable 'TF_GPU_ALLOCATOR=cuda_malloc_async' will improve the situation. 
Current allocation summary follows.
Current allocation summary follows.
W0317 11:35:50.990330 1772953 bfc_allocator.cc:513] ************__****__________________________________________________________________________________
