/lustre06/project/6102186/liamfitz/fouriax/src/fouriax/optics/propagation.py:1032: UserWarning: ASM selected outside recommended regime (distance_um=50.000, z_crit_um=20.480, recommended='rs'). Planning will continue with ASM as requested.
  _warn_if_explicit_mode_mismatch("asm")
W0317 10:28:03.785704  357112 hlo_rematerialization.cc:3204] Can't reduce memory use below 30.00GiB (32212731822 bytes) by rematerialization; only reduced to 32.58GiB (34982592544 bytes), down from 32.58GiB (34982592544 bytes) originally
W0317 10:28:13.925838  357030 bfc_allocator.cc:502] Allocator (GPU_0_bfc) ran out of memory trying to allocate 32.57GiB (rounded to 34974204416)requested by op 
If the cause is memory fragmentation maybe the environment variable 'TF_GPU_ALLOCATOR=cuda_malloc_async' will improve the situation. 
Current allocation summary follows.
Current allocation summary follows.
W0317 10:28:13.926183  357030 bfc_allocator.cc:513] *___________________________________________________________________________________________________
W0317 10:28:26.444883  357112 hlo_rematerialization.cc:3204] Can't reduce memory use below 29.56GiB (31737095803 bytes) by rematerialization; only reduced to 37.07GiB (39804993568 bytes), down from 37.07GiB (39804993568 bytes) originally
W0317 10:28:37.224070  357030 bfc_allocator.cc:502] Allocator (GPU_0_bfc) ran out of memory trying to allocate 36.57GiB (rounded to 39268123136)requested by op 
If the cause is memory fragmentation maybe the environment variable 'TF_GPU_ALLOCATOR=cuda_malloc_async' will improve the situation. 
Current allocation summary follows.
Current allocation summary follows.
W0317 10:28:37.224443  357030 bfc_allocator.cc:513] ******______________________________________________________________________________________________
W0317 10:28:42.640057  357110 hlo_rematerialization.cc:3204] Can't reduce memory use below 29.07GiB (31209664020 bytes) by rematerialization; only reduced to 33.01GiB (35442917408 bytes), down from 33.01GiB (35442917408 bytes) originally
W0317 10:28:53.589423  357030 bfc_allocator.cc:502] Allocator (GPU_0_bfc) ran out of memory trying to allocate 33.00GiB (rounded to 35433480704)requested by op 
If the cause is memory fragmentation maybe the environment variable 'TF_GPU_ALLOCATOR=cuda_malloc_async' will improve the situation. 
Current allocation summary follows.
Current allocation summary follows.
W0317 10:28:53.589617  357030 bfc_allocator.cc:513] ******______________________________________________________________________________________________
W0317 10:29:42.048947  357112 hlo_rematerialization.cc:3204] Can't reduce memory use below 29.56GiB (31737097748 bytes) by rematerialization; only reduced to 37.07GiB (39804993568 bytes), down from 37.07GiB (39804993568 bytes) originally
W0317 10:29:52.977309  357030 bfc_allocator.cc:502] Allocator (GPU_0_bfc) ran out of memory trying to allocate 36.57GiB (rounded to 39268123136)requested by op 
If the cause is memory fragmentation maybe the environment variable 'TF_GPU_ALLOCATOR=cuda_malloc_async' will improve the situation. 
Current allocation summary follows.
Current allocation summary follows.
W0317 10:29:52.977825  357030 bfc_allocator.cc:513] *************_______________________________________________________________________________________
W0317 10:38:50.235121  357111 hlo_rematerialization.cc:3204] Can't reduce memory use below 29.98GiB (32190082580 bytes) by rematerialization; only reduced to 32.79GiB (35212230688 bytes), down from 32.79GiB (35212230688 bytes) originally
W0317 10:39:00.424487  357030 bfc_allocator.cc:502] Allocator (GPU_0_bfc) ran out of memory trying to allocate 32.76GiB (rounded to 35178676736)requested by op 
If the cause is memory fragmentation maybe the environment variable 'TF_GPU_ALLOCATOR=cuda_malloc_async' will improve the situation. 
Current allocation summary follows.
Current allocation summary follows.
W0317 10:39:00.425171  357030 bfc_allocator.cc:513] **_***____***_______________________________________________________________________________________
